<?xml version="1.0" encoding="UTF-8"?>
<!-- Generated by org.testng.reporters.JUnitXMLReporter -->
<testsuite hostname="Dhruba" ignored="0" name=" Demo Test" tests="9" failures="0" timestamp="2020-02-06T19:47:10 EST" time="0.095" errors="0">
  <testcase name="test3" time="0.015" classname="com.PracticeFeb2020.Demo3"/>
  <testcase name="test2" time="0.003" classname="com.PracticeFeb2020.Demo2"/>
  <testcase name="test1" time="0.002" classname="com.PracticeFeb2020.Demo1"/>
  <testcase name="test6" time="0.001" classname="com.PracticeFeb2020.Demo5"/>
  <testcase name="test7" time="0.006" classname="com.PracticeFeb2020.Demo5"/>
  <testcase name="test5" time="0.002" classname="com.PracticeFeb2020.Demo5"/>
  <testcase name="test8" time="0.002" classname="com.PracticeFeb2020.Demo5"/>
  <testcase name="test9" time="0.001" classname="com.PracticeFeb2020.Demo5"/>
  <testcase name="test1" time="0.002" classname="com.PracticeFeb2020.Demo4"/>
</testsuite> <!--  Demo Test -->
