<?xml version="1.0" encoding="UTF-8"?>
<!-- Generated by org.testng.reporters.JUnitXMLReporter -->
<testsuite hostname="Dhruba" ignored="0" name=" Demo Test" tests="16" failures="0" timestamp="2020-02-06T23:19:47 EST" time="15.098" errors="0">
  <testcase name="test3" time="0.04" classname="com.PracticeFeb2020.Demo3"/>
  <testcase name="test2" time="0.007" classname="com.PracticeFeb2020.Demo2"/>
  <testcase name="test1" time="0.004" classname="com.PracticeFeb2020.Demo1"/>
  <testcase name="test5" time="0.003" classname="com.PracticeFeb2020.Demo5"/>
  <testcase name="test6" time="0.003" classname="com.PracticeFeb2020.Demo5"/>
  <testcase name="test7" time="0.006" classname="com.PracticeFeb2020.Demo5"/>
  <testcase name="test8" time="0.002" classname="com.PracticeFeb2020.Demo5"/>
  <testcase name="test9" time="0.001" classname="com.PracticeFeb2020.Demo5"/>
  <testcase name="test1" time="0.002" classname="com.PracticeFeb2020.Demo4"/>
  <testcase name="test10" time="0.002" classname="com.PracticeFeb2020.Demo6"/>
  <testcase name="test11" time="0.003" classname="com.PracticeFeb2020.Demo6"/>
  <testcase name="test12" time="0.001" classname="com.PracticeFeb2020.Demo6"/>
  <testcase name="test13" time="0.003" classname="com.PracticeFeb2020.Demo6"/>
  <testcase name="test14" time="0.002" classname="com.PracticeFeb2020.Demo6"/>
  <testcase name="freeCrmTitleTest" time="0.011" classname="com.PracticeFeb2020.LoginTest"/>
  <testcase name="freeCRMLogoTest" time="0.053" classname="com.PracticeFeb2020.LoginTest"/>
</testsuite> <!--  Demo Test -->
